1613
2432
2433
2434
2435
2436
2437
2438
2439
2440
2441
2442
2443
2444
2
2445
2446
2447
2448
2449
2450
2451
2452
2453
2454
2455
2070
2456
2457
2458
2459
2460
2461
2462
993
2065
2463
1668
2066
2464
2067
1194
2068
2465
1321
1305
1788
2466
820
1743
2071
2467
2072
1882
2073
985
1128
1421
2306
2074
268
2075
109
1869
2076
2077
1444
1519
1934
2079
1577
1
1768
2080
242
1386
9
2082
1057
1641
1525
2272
2083
2084
1390
1298
1865
2469
2470
730
1891
1542
261
2395
2085
1503
2006
1088
471
2086
2087
1056
2471
1758
2472
1565
2473
2474
1183
1356
2088
2089
758
1884
1801
2091
2069
2475
1208
2092
1373
1376
1426
2476
2477
1785
1714
1207
2093
1786
830
2478
1881
1050
2095
2096
1956
2008
1487
1417
2097
1239
1612
2479
1282
2099
1617
2480
1418
2100
1435
2481
2101
2482
2102
1906
631
1549
1319
518
2483
2484
2485
2486
2487
1507
2103
968
936
1185
1055
2488
2489
2104
1343
699
2105
135
2490
2106
1735
2107
2491
1808
2492
1752
2108
1399
2109
2110
2111
2493
2494
976
922
2495
2496
1181
1841
2112
2113
2114
1935
2497
1793
1274
2094
984
478
1206
1488
1897
698
1711
2115
2498
2116
1375
2499
2118
2500
60
1478
913
2501
2502
2120
1548
185
2121
1462
494
2503
1722
1621
1011
2123
988
1719
2278
2125
1898
1214
1359
1094
2504
434
2505
2127
2506
2507
2508
2509
2510
2034
2511
2512
130
2128
906
1993
2129
1903
1165
1921
2513
2117
2514
2515
821
1615
2132
2339
2130
2131
1872
1317
2516
1892
548
1261
2133
1702
1242
2134
2135
2136
2137
2138
2284
2517
1138
1404
1832
2139
1063
2140
662
2142
1120
824
2143
2518
1407
2119
1905
1564
1329
664
2144
1740
2519
2145
2146
2147
2148
2520
2521
2522
1246
2149
2150
2523
2524
2525
2151
2152
2153
2154
634
653
1025
2155
856
1997
2021
258
469
1627
442
2156
2157
2090
1521
2158
1297
1995
870
2159
2160
2161
2162
2163
2164
1783
2165
762
1700
1954
2166
1322
2526
2527
1796
1599
1557
2167
2528
2529
1943
1983
2530
614
1625
2170
1255
2531
549
2171
1709
1553
2141
1528
2172
2173
1945
2175
2176
2532
2169
1851
2177
68
1663
2533
2178
1665
2054
2179
2180
1634
2534
2535
769
2181
280
966
2536
378
1459
2183
879
2185
1352
2537
2186
1540
2538
850
1635
1672
306
1588
1348
1798
1636
716
801
2062
159
684
1441
1513
2187
2539
931
627
168
2189
959
1600
1607
816
2540
2541
2542
2543
2544
2545
2546
1512
2190
2191
2547
1122
2192
1967
2193
2548
2549
1012
2196
2550
2197
2198
1904
2033
2049
2199
2551
2200
1833
2038
1454
625
2016
2202
1789
930
1097
2203
2552
2184
2205
1217
2206
2002
2207
2553
1133
0
2204
2208
992
1982
2209
2210
1639
2211
2554
2212
1438
2555
965
2213
2201
2214
1922
360
1862
1937
995
2215
2556
597
365
1337
2557
2216
1669
394
1992
1515
2218
2227
2558
2219
123
2220
2221
2222
2223
1601
2224
2559
1623
2225
2226
2560
2561
1859
1326
1769
2228
2229
2562
2563
2230
1212
2564
1276
2232
515
663
2233
2234
2565
2236
1962
2237
2566
2238
2239
221
2240
2241
2242
1781
2243
1161
1368
2244
2567
201
2245
2246
1643
1830
2248
2249
2250
2568
2251
2010
2252
1172
2569
1364
2253
1913
2037
1704
2256
2257
1734
2255
1520
2570
2571
1414
189
1598
1484
2258
2572
2260
1436
2261
2262
2573
2259
1810
1310
2263
2264
2174
2265
1517
2267
2574
2268
2275
2269
2270
687
2271
1986
2282
2575
2273
2576
2276
2277
2577
2280
2578
2579
1117
1633
2281
1721
2283
2580
1957
1595
1799
2001
2287
740
1470
2289
377
2279
1211
1825
1782
2290
2291
1791
2292
2293
2294
2295
2296
2581
644
2582
2583
2584
2585
1539
1651
1739
2297
1249
2298
2299
919
2586
651
1844
702
2300
1430
1102
2587
2588
424
923
2023
2288
2589
2301
2590
980
2302
1759
1443
2304
2305
1301
2591
1821
90
1726
2307
2592
2308
2593
2594
2595
2309
2310
2596
1434
2311
2312
1504
1834
1887
2597
2042
2598
2303
1581
2599
782
2600
1723
2601
2313
2314
1703
2316
1670
2317
2318
2319
2320
1915
1463
1022
1422
2007
944
188
1780
2322
1610
1794
1396
2602
2323
1614
1649
2247
1628
2603
2324
1948
2326
2604
2122
2064
2315
2605
2328
2606
2329
2330
1489
2325
198
2058
726
566
2331
2332
2333
1858
1502
2334
2254
2335
1784
2336
2337
1960
2340
1716
2039
1098
2341
2342
2344
1570
406
2338
2345
2346
2347
2348
2607
2349
1267
1886
2350
2351
2608
717
1524
2352
1370
493
1914
2354
2355
875
2356
2357
2358
2359
2360
2609
2361
2362
2363
1339
1816
2364
2365
732
2610
2367
2611
2368
2612
2613
2369
2286
2370
2371
2372
1302
2374
2373
2375
2376
2614
2378
954
1738
1900
1958
2379
2615
1477
2381
2382
2383
2384
1696
1642
1762
462
1933
1961
2385
2353
2386
1591
1020
2387
2388
2389
2616
2390
2343
2391
2617
2393
2394
2618
2396
2194
1245
2398
2619
2399
1486
2400
1320
2401
1646
1990
2402
245
2403
2404
2405
2620
2406
1494
2407
1744
2409
2408
1433
2410
433
2412
2621
2622
2414
2415
2623
2416
1873
2417
1778
2418
2624
2419
2625
2626
2627
989
2420
2628
2421
2629
2630
2631
1569
733
1277
2422
1464
2423
2425
2426
2427
2428
2632
2429
2633
2634
1287
1671
2430
1468
2468
2635
2431
891
2640
2641
632
1968
2643
2644
1403
612
2683
2646
2684
2647
2648
2649
1367
2685
2650
2651
2652
2654
1749
1896
2686
2655
1159
1324
2656
2637
2231
279
2658
2045
1013
2662
2660
2661
2663
2664
2666
2667
2687
2688
2668
2689
2669
2670
2671
89
2673
2672
2674
2690
2678
2675
2676
2677
2679
1715
2680
2691
2638
2681
2682
2692
1985
1052
2003
578
2693
0
2695
2696
1313
2698
2699
2701
2736
1184
2702
2703
2737
1157
2704
1294
1501
2706
2708
633
2709
2710
1164
1718
2712
998
2714
2715
646
1028
2053
2716
2717
2719
2738
1547
1941
2740
1638
745
2741
2720
2721
1631
2694
484
2723
304
2742
2743
63
2724
2725
2718
2722
2744
2726
2727
2745
2746
2728
2729
470
1191
2730
2731
2747
2732
2748
1597
2749
2734
1981
1131
2735
2739
2733
0
NULL
NULL
NULL
NULL
NULL
NULL
NULL
NULL
NULL
NULL
NULL
NULL
NULL
NULL
NULL
NULL
NULL
NULL
NULL
NULL
NULL
NULL
NULL
NULL
NULL
NULL
NULL
NULL
NULL
NULL
NULL
NULL
NULL
NULL
NULL
NULL
NULL
NULL
NULL
NULL
NULL
NULL
NULL
NULL
NULL
0
NULL
NULL
NULL
NULL
NULL
NULL
NULL
NULL
NULL
NULL
NULL
NULL
NULL
NULL
NULL
NULL
NULL
NULL
NULL
NULL
NULL
NULL
NULL
NULL
NULL
NULL
NULL
NULL
NULL
NULL
NULL
NULL
NULL
0
NULL
NULL
NULL
NULL
NULL
NULL
NULL
NULL
NULL
NULL
NULL
NULL
NULL
NULL
NULL
NULL
NULL
NULL
NULL
NULL
NULL
NULL
NULL
NULL
NULL
NULL
NULL
NULL
NULL
NULL
NULL
NULL
NULL
NULL
NULL
NULL
NULL
NULL
NULL
NULL
NULL
NULL
NULL
NULL
NULL
NULL
NULL
NULL
NULL
NULL
NULL
NULL
NULL
NULL
NULL
NULL
NULL
NULL
NULL
NULL
NULL
NULL
NULL
NULL
NULL
NULL
NULL
NULL
NULL
NULL
NULL
NULL
NULL
NULL
NULL
NULL
NULL
NULL
NULL
NULL
NULL
NULL
NULL
NULL
NULL
NULL
NULL
NULL
NULL
NULL
NULL
NULL
NULL
NULL
NULL
NULL
NULL
NULL
NULL
NULL
NULL
NULL
NULL
NULL
NULL
NULL
NULL
NULL
NULL
NULL
NULL
NULL
NULL
NULL
NULL
NULL
NULL
NULL
NULL
NULL
NULL
NULL
NULL
NULL
NULL
NULL
NULL
NULL
NULL
NULL
NULL
NULL
NULL
NULL
NULL
NULL
NULL
NULL
NULL
NULL
NULL
NULL
NULL
NULL
NULL
NULL
NULL
NULL
NULL
NULL
NULL
NULL
NULL
NULL
NULL
NULL
NULL
NULL
NULL
NULL
NULL
NULL
NULL
NULL
NULL
NULL
NULL
NULL
NULL
NULL
NULL
NULL
NULL
NULL
NULL
NULL
NULL
NULL
NULL
NULL
NULL
NULL
NULL
NULL
NULL
NULL
NULL
NULL
NULL
NULL
NULL
NULL
NULL
NULL
NULL
NULL
NULL
NULL
NULL
NULL
NULL
NULL
NULL
NULL
NULL
NULL
NULL
NULL
NULL
NULL
NULL
NULL
NULL
NULL
NULL
NULL
NULL
NULL
NULL
NULL
NULL
NULL
NULL
NULL
NULL
NULL
NULL
NULL
NULL
NULL
NULL
NULL
NULL
NULL
NULL
NULL
NULL
NULL
NULL
NULL
NULL
NULL
NULL
NULL
NULL
NULL
NULL
NULL
NULL
NULL
NULL
NULL
NULL
NULL
NULL
NULL
NULL
NULL
NULL
NULL
NULL
NULL
NULL
NULL
NULL
NULL
NULL
NULL
NULL
NULL
NULL
NULL
NULL
NULL
NULL
NULL
NULL
NULL
NULL
NULL
NULL
NULL
NULL
NULL
NULL
NULL
NULL
NULL
NULL
NULL
NULL
NULL
NULL
NULL
NULL
NULL
NULL
NULL
NULL
NULL
NULL
NULL
NULL
NULL
NULL
NULL
NULL
NULL
NULL
NULL
NULL
NULL
NULL
NULL
NULL
NULL
NULL
NULL
NULL
0
2750
1805
882
2751
678
2752
2753
2754
2755
2762
2756
2757
2758
1848
2657
1770
1814
2759
1980
2761
2763
2764
2765
1996
2766
0
1754
1281
2767
2770
0
0
2771
2772
2784
2773
264
2785
2774
2775
1678
647
2776
2777
2778
2327
2779
1753
2780
2786
1347
2781
1616
2782
0
0
2787
2789
2790
0
0
2769
1180
2791
0
2792
2793
